2024-09-18T13:51:20+00:00 DEBUG POST: https://ads.tiktok.com/marketing_api/api/developer/app/create_auto_approve/

{"business_platform":"PROD","smb_id":"tt4b_woocommerce_66eadad81e64dhttplocalhostAbilitowp-admin","smb_name":"PROD","redirect_url":"http:\/\/localhost\/Abilito\/wp-admin\/"}
 ajax: no
2024-09-18T13:51:21+00:00 DEBUG Tt4b_Mapi_Class::create_open_source_app: Response: 

HTTP/1.1 200 OK
Content-Type: application/json
X-Tt-Logid: 2024091813512094A0DAE8236619253EA3,2024091813512094A0DAE8236619253EA3
Strict-Transport-Security: max-age=31536000; includeSubDomains
Server-Timing: inner; dur=98
x-tt-trace-host: 017e25b731de10a6aabbed5a7fbcb08b2ad63deb8b2b0020bd4ba7d57abd9e55f74bbefbccd0523b0c4832c8ddcf1cd70a88b560be4c66beea6a7389e2509a00732e2e019ddee89e9d93794243a5218ddc9b79422a83f5f0d48605af71c3519747
x-tt-trace-id: 00-24091813512094A0DAE8236619253EA3-62573216449CB9D7-00
Server: TLB
Content-Encoding: gzip
Date: Wed, 18 Sep 2024 13:51:21 GMT
Content-Length: 207
X-Cache: TCP_MISS from a95-101-22-172.deploy.akamaitechnologies.com (AkamaiGHost/11.6.3-e8c44af76fbf2725bc66e35706b8e3bb) (-)
Connection: close
Vary: Accept-Encoding
x-tt-trace-tag: id=16;cdn-cache=miss;type=dyn
Server-Timing: cdn-cache; desc=MISS, edge; dur=3, origin; dur=779
X-Origin-Response-Time: 779,95.101.22.172
X-Akamai-Request-ID: 875f956

{"code":0,"msg":"ok","data":{"redirect_uri":"http:\/\/localhost\/Abilito\/wp-admin\/","app_id":"7415980363488428050","external_data_key":"c9358f7c-02c5-4242-99e5-57995e057575","app_secret":"58e3e8055fa03185122a9c240308b7107fe3d0ce"}}

